Traceback (most recent call last):
  File "/home/goodwill/miniconda3/envs/pycourse_test/lib/python3.11/site-packages/jupyter_cache/executors/utils.py", line 58, in single_nb_execution
    executenb(
  File "/home/goodwill/miniconda3/envs/pycourse_test/lib/python3.11/site-packages/nbclient/client.py", line 1305, in execute
    return NotebookClient(nb=nb, resources=resources, km=km, **kwargs).execute()
           ^^^^^^^^^^^^^^^^^^^^^^^^^^^^^^^^^^^^^^^^^^^^^^^^^^^^^^^^^^^^^^^^^^^^^
  File "/home/goodwill/miniconda3/envs/pycourse_test/lib/python3.11/site-packages/jupyter_core/utils/__init__.py", line 166, in wrapped
    return loop.run_until_complete(inner)
           ^^^^^^^^^^^^^^^^^^^^^^^^^^^^^^
  File "/home/goodwill/miniconda3/envs/pycourse_test/lib/python3.11/asyncio/base_events.py", line 653, in run_until_complete
    return future.result()
           ^^^^^^^^^^^^^^^
  File "/home/goodwill/miniconda3/envs/pycourse_test/lib/python3.11/site-packages/nbclient/client.py", line 705, in async_execute
    await self.async_execute_cell(
  File "/home/goodwill/miniconda3/envs/pycourse_test/lib/python3.11/site-packages/nbclient/client.py", line 1058, in async_execute_cell
    await self._check_raise_for_error(cell, cell_index, exec_reply)
  File "/home/goodwill/miniconda3/envs/pycourse_test/lib/python3.11/site-packages/nbclient/client.py", line 914, in _check_raise_for_error
    raise CellExecutionError.from_cell_and_msg(cell, exec_reply_content)
nbclient.exceptions.CellExecutionError: An error occurred while executing the following cell:
------------------
import bitstring

def print_int8(a):
    """
    print a as if it were an 8-bit signed integer
    """
    # for printing color
    CRED    = '\33[31m'
    CBLUE   = '\33[34m'
    CEND      = '\33[0m'
    
    b = bitstring.BitArray(int=a, length=8)
    bs = str(b.bin)
    print(CBLUE + bs[0] + CEND + CRED + bs[1:] + CEND)
    
print_int8(1)
print_int8(8)
print_int8(64)
print_int8(127)
------------------


[0;31m---------------------------------------------------------------------------[0m
[0;31mModuleNotFoundError[0m                       Traceback (most recent call last)
Cell [0;32mIn[16], line 1[0m
[0;32m----> 1[0m [38;5;28;01mimport[39;00m [38;5;21;01mbitstring[39;00m
[1;32m      3[0m [38;5;28;01mdef[39;00m [38;5;21mprint_int8[39m(a):
[1;32m      4[0m [38;5;250m    [39m[38;5;124;03m"""[39;00m
[1;32m      5[0m [38;5;124;03m    print a as if it were an 8-bit signed integer[39;00m
[1;32m      6[0m [38;5;124;03m    """[39;00m

[0;31mModuleNotFoundError[0m: No module named 'bitstring'

